<?xml version="1.0" encoding="UTF-8"?>
<!-- Generated by org.testng.reporters.JUnitXMLReporter -->
<testsuite hostname="NLMB5716-C35910" ignored="0" name="Web Automation" tests="6" failures="2" timestamp="2020-02-01T21:25:08 CET" time="42.201" errors="0">
  <testcase name="verifySuccessfulLogin" time="2.541" classname="ui.TestExecutable"/>
  <testcase name="verifySuccessfulLogout" time="3.574" classname="ui.TestExecutable">
    <failure type="org.openqa.selenium.ElementClickInterceptedException" message="element click intercepted: Element &amp;lt;p id=&amp;quot;greetings&amp;quot; class=&amp;quot;ng-binding&amp;quot;&amp;gt;...&amp;lt;/p&amp;gt; is not clickable at point (680, 246). Other element would receive the click: &amp;lt;div class=&amp;quot;main-view-wrapper ng-animate main-view-wrapper-employees&amp;quot; ng-class=&amp;quot;{login:&amp;apos;main-view-wrapper-loggedIn&amp;apos;,
      employees:&amp;apos;main-view-wrapper-employees&amp;apos;,
      edit:&amp;apos;main-view-wrapper-edit&amp;apos;,
      create:&amp;apos;main-view-wrapper-create&amp;apos;}[viewState.current]&amp;quot; style=&amp;quot;&amp;quot;&amp;gt;...&amp;lt;/div&amp;gt;
  (Session info: chrome=79.0.3945.130)
Build info: version: &amp;apos;3.14.0&amp;apos;, revision: &amp;apos;aacccce0&amp;apos;, time: &amp;apos;2018-08-02T20:19:58.91Z&amp;apos;
System info: host: &amp;apos;NLMB5716-C35910&amp;apos;, ip: &amp;apos;fe80:0:0:0:1c4e:b7fa:8dfc:bdaf%en0&amp;apos;, os.name: &amp;apos;Mac OS X&amp;apos;, os.arch: &amp;apos;x86_64&amp;apos;, os.version: &amp;apos;10.14.6&amp;apos;, java.version: &amp;apos;1.8.0_211&amp;apos;
Driver info: org.openqa.selenium.chrome.ChromeDriver
Capabilities {acceptInsecureCerts: false, browserName: chrome, browserVersion: 79.0.3945.130, chrome: {chromedriverVersion: 79.0.3945.36 (3582db32b3389..., userDataDir: /var/folders/2s/w6_tbkls6pj...}, goog:chromeOptions: {debuggerAddress: localhost:64562}, javascriptEnabled: true, networkConnectionEnabled: false, pageLoadStrategy: normal, platform: MAC, platformName: MAC, proxy: Proxy(), setWindowRect: true, strictFileInteractability: false, timeouts: {implicit: 0, pageLoad: 300000, script: 30000}, unhandledPromptBehavior: dismiss and notify}
Session ID: ec2ed5658cbebd8db2bf95e1e251fef6">
      <![CDATA[org.openqa.selenium.ElementClickInterceptedException: element click intercepted: Element <p id="greetings" class="ng-binding">...</p> is not clickable at point (680, 246). Other element would receive the click: <div class="main-view-wrapper ng-animate main-view-wrapper-employees" ng-class="{login:'main-view-wrapper-loggedIn',
      employees:'main-view-wrapper-employees',
      edit:'main-view-wrapper-edit',
      create:'main-view-wrapper-create'}[viewState.current]" style="">...</div>
  (Session info: chrome=79.0.3945.130)
Build info: version: '3.14.0', revision: 'aacccce0', time: '2018-08-02T20:19:58.91Z'
System info: host: 'NLMB5716-C35910', ip: 'fe80:0:0:0:1c4e:b7fa:8dfc:bdaf%en0', os.name: 'Mac OS X', os.arch: 'x86_64', os.version: '10.14.6', java.version: '1.8.0_211'
Driver info: org.openqa.selenium.chrome.ChromeDriver
Capabilities {acceptInsecureCerts: false, browserName: chrome, browserVersion: 79.0.3945.130, chrome: {chromedriverVersion: 79.0.3945.36 (3582db32b3389..., userDataDir: /var/folders/2s/w6_tbkls6pj...}, goog:chromeOptions: {debuggerAddress: localhost:64562}, javascriptEnabled: true, networkConnectionEnabled: false, pageLoadStrategy: normal, platform: MAC, platformName: MAC, proxy: Proxy(), setWindowRect: true, strictFileInteractability: false, timeouts: {implicit: 0, pageLoad: 300000, script: 30000}, unhandledPromptBehavior: dismiss and notify}
Session ID: ec2ed5658cbebd8db2bf95e1e251fef6
at org.openqa.selenium.remote.http.W3CHttpResponseCodec.createException(W3CHttpResponseCodec.java:187)
at org.openqa.selenium.remote.http.W3CHttpResponseCodec.decode(W3CHttpResponseCodec.java:122)
at org.openqa.selenium.remote.http.W3CHttpResponseCodec.decode(W3CHttpResponseCodec.java:49)
at org.openqa.selenium.remote.HttpCommandExecutor.execute(HttpCommandExecutor.java:158)
at org.openqa.selenium.remote.service.DriverCommandExecutor.execute(DriverCommandExecutor.java:83)
at org.openqa.selenium.remote.RemoteWebDriver.execute(RemoteWebDriver.java:548)
at org.openqa.selenium.remote.RemoteWebElement.execute(RemoteWebElement.java:276)
at org.openqa.selenium.remote.RemoteWebElement.click(RemoteWebElement.java:83)
at org.openqa.selenium.support.pagefactory.internal.LocatingElementHandler.invoke(LocatingElementHandler.java:51)
at com.sun.proxy.$Proxy10.click(Unknown Source)
at common.SystemLogin.clickLogoutButton(SystemLogin.java:75)
at ui.TestExecutable.verifySuccessfulLogout(TestExecutable.java:73)
at java.util.ArrayList.forEach(ArrayList.java:1257)
... Removed 35 stack frames]]>
    </failure>
  </testcase> <!-- verifySuccessfulLogout -->
  <testcase name="verifyUnuccessfulLogin" time="2.6" classname="ui.TestExecutable"/>
  <testcase name="verifyCreateEmployeeDeatils" time="5.499" classname="ui.TestExecutable"/>
  <testcase name="verifyUpdateEmployeeDetails" time="9.16" classname="ui.TestExecutable"/>
  <testcase name="verifyDeleteEmployeeDetails" time="6.663" classname="ui.TestExecutable">
    <failure type="org.openqa.selenium.UnhandledAlertException" message="unexpected alert open: {Alert text : Are you sure you want to delete Test1 Automation1?}
  (Session info: chrome=79.0.3945.130): Are you sure you want to delete Test1 Automation1?
Build info: version: &amp;apos;3.14.0&amp;apos;, revision: &amp;apos;aacccce0&amp;apos;, time: &amp;apos;2018-08-02T20:19:58.91Z&amp;apos;
System info: host: &amp;apos;NLMB5716-C35910&amp;apos;, ip: &amp;apos;fe80:0:0:0:1c4e:b7fa:8dfc:bdaf%en0&amp;apos;, os.name: &amp;apos;Mac OS X&amp;apos;, os.arch: &amp;apos;x86_64&amp;apos;, os.version: &amp;apos;10.14.6&amp;apos;, java.version: &amp;apos;1.8.0_211&amp;apos;
Driver info: org.openqa.selenium.chrome.ChromeDriver
Capabilities {acceptInsecureCerts: false, browserName: chrome, browserVersion: 79.0.3945.130, chrome: {chromedriverVersion: 79.0.3945.36 (3582db32b3389..., userDataDir: /var/folders/2s/w6_tbkls6pj...}, goog:chromeOptions: {debuggerAddress: localhost:64793}, javascriptEnabled: true, networkConnectionEnabled: false, pageLoadStrategy: normal, platform: MAC, platformName: MAC, proxy: Proxy(), setWindowRect: true, strictFileInteractability: false, timeouts: {implicit: 0, pageLoad: 300000, script: 30000}, unhandledPromptBehavior: dismiss and notify}
Session ID: bdef2937e9bb5641df62366ac2a00d53
*** Element info: {Using=id, value=greetings}">
      <![CDATA[org.openqa.selenium.UnhandledAlertException: unexpected alert open: {Alert text : Are you sure you want to delete Test1 Automation1?}
  (Session info: chrome=79.0.3945.130): Are you sure you want to delete Test1 Automation1?
Build info: version: '3.14.0', revision: 'aacccce0', time: '2018-08-02T20:19:58.91Z'
System info: host: 'NLMB5716-C35910', ip: 'fe80:0:0:0:1c4e:b7fa:8dfc:bdaf%en0', os.name: 'Mac OS X', os.arch: 'x86_64', os.version: '10.14.6', java.version: '1.8.0_211'
Driver info: org.openqa.selenium.chrome.ChromeDriver
Capabilities {acceptInsecureCerts: false, browserName: chrome, browserVersion: 79.0.3945.130, chrome: {chromedriverVersion: 79.0.3945.36 (3582db32b3389..., userDataDir: /var/folders/2s/w6_tbkls6pj...}, goog:chromeOptions: {debuggerAddress: localhost:64793}, javascriptEnabled: true, networkConnectionEnabled: false, pageLoadStrategy: normal, platform: MAC, platformName: MAC, proxy: Proxy(), setWindowRect: true, strictFileInteractability: false, timeouts: {implicit: 0, pageLoad: 300000, script: 30000}, unhandledPromptBehavior: dismiss and notify}
Session ID: bdef2937e9bb5641df62366ac2a00d53
*** Element info: {Using=id, value=greetings}
at org.openqa.selenium.remote.http.W3CHttpResponseCodec.decode(W3CHttpResponseCodec.java:120)
at org.openqa.selenium.remote.http.W3CHttpResponseCodec.decode(W3CHttpResponseCodec.java:49)
at org.openqa.selenium.remote.HttpCommandExecutor.execute(HttpCommandExecutor.java:158)
at org.openqa.selenium.remote.service.DriverCommandExecutor.execute(DriverCommandExecutor.java:83)
at org.openqa.selenium.remote.RemoteWebDriver.execute(RemoteWebDriver.java:548)
at org.openqa.selenium.remote.RemoteWebDriver.findElement(RemoteWebDriver.java:322)
at org.openqa.selenium.remote.RemoteWebDriver.findElementById(RemoteWebDriver.java:368)
at org.openqa.selenium.By$ById.findElement(By.java:188)
at org.openqa.selenium.remote.RemoteWebDriver.findElement(RemoteWebDriver.java:314)
at org.openqa.selenium.support.pagefactory.DefaultElementLocator.findElement(DefaultElementLocator.java:69)
at org.openqa.selenium.support.pagefactory.internal.LocatingElementHandler.invoke(LocatingElementHandler.java:38)
at com.sun.proxy.$Proxy10.click(Unknown Source)
at common.SystemLogin.clickLogoutButton(SystemLogin.java:75)
at ui.TestExecutable.verifyDeleteEmployeeDetails(TestExecutable.java:127)
at java.util.ArrayList.forEach(ArrayList.java:1257)
... Removed 27 stack frames]]>
    </failure>
  </testcase> <!-- verifyDeleteEmployeeDetails -->
</testsuite> <!-- Web Automation -->
