<?xml version="1.0" encoding="UTF-8"?>
<testng-results skipped="0" failed="2" ignored="0" total="6" passed="4">
  <reporter-output>
  </reporter-output>
  <suite name="Suite" duration-ms="42201" started-at="2020-02-01T21:24:25 CET" finished-at="2020-02-01T21:25:08 CET">
    <groups>
    </groups>
    <test name="Web Automation" duration-ms="42201" started-at="2020-02-01T21:24:25 CET" finished-at="2020-02-01T21:25:08 CET">
      <class name="ui.TestExecutable">
        <test-method status="PASS" signature="openDriver()[pri:0, instance:ui.TestExecutable@6321e813]" name="openDriver" is-config="true" duration-ms="2369" started-at="2020-02-01T21:24:25 CET" finished-at="2020-02-01T21:24:28 CET">
          <reporter-output>
          </reporter-output>
        </test-method> <!-- openDriver -->
        <test-method status="PASS" signature="verifySuccessfulLogin(java.lang.String, java.lang.String)[pri:0, instance:ui.TestExecutable@6321e813]" name="verifySuccessfulLogin" duration-ms="2541" started-at="2020-02-01T21:24:28 CET" description="Verify if the user is able to login successfully" finished-at="2020-02-01T21:24:30 CET">
          <params>
            <param index="0">
              <value>
                <![CDATA[Luke]]>
              </value>
            </param>
            <param index="1">
              <value>
                <![CDATA[Skywalker]]>
              </value>
            </param>
          </params>
          <reporter-output>
          </reporter-output>
        </test-method> <!-- verifySuccessfulLogin -->
        <test-method status="PASS" signature="closeDriver()[pri:0, instance:ui.TestExecutable@6321e813]" name="closeDriver" is-config="true" duration-ms="97" started-at="2020-02-01T21:24:30 CET" finished-at="2020-02-01T21:24:30 CET">
          <reporter-output>
          </reporter-output>
        </test-method> <!-- closeDriver -->
        <test-method status="PASS" signature="openDriver()[pri:0, instance:ui.TestExecutable@6321e813]" name="openDriver" is-config="true" duration-ms="1801" started-at="2020-02-01T21:24:30 CET" finished-at="2020-02-01T21:24:32 CET">
          <reporter-output>
          </reporter-output>
        </test-method> <!-- openDriver -->
        <test-method status="FAIL" signature="verifySuccessfulLogout(java.lang.String, java.lang.String)[pri:1, instance:ui.TestExecutable@6321e813]" name="verifySuccessfulLogout" duration-ms="3574" started-at="2020-02-01T21:24:32 CET" description="Verify if the user is able to logout successfully" finished-at="2020-02-01T21:24:36 CET">
          <params>
            <param index="0">
              <value>
                <![CDATA[Luke]]>
              </value>
            </param>
            <param index="1">
              <value>
                <![CDATA[Skywalker]]>
              </value>
            </param>
          </params>
          <exception class="org.openqa.selenium.ElementClickInterceptedException">
            <message>
              <![CDATA[element click intercepted: Element <p id="greetings" class="ng-binding">...</p> is not clickable at point (680, 246). Other element would receive the click: <div class="main-view-wrapper ng-animate main-view-wrapper-employees" ng-class="{login:'main-view-wrapper-loggedIn',
      employees:'main-view-wrapper-employees',
      edit:'main-view-wrapper-edit',
      create:'main-view-wrapper-create'}[viewState.current]" style="">...</div>
  (Session info: chrome=79.0.3945.130)
Build info: version: '3.14.0', revision: 'aacccce0', time: '2018-08-02T20:19:58.91Z'
System info: host: 'NLMB5716-C35910', ip: 'fe80:0:0:0:1c4e:b7fa:8dfc:bdaf%en0', os.name: 'Mac OS X', os.arch: 'x86_64', os.version: '10.14.6', java.version: '1.8.0_211'
Driver info: org.openqa.selenium.chrome.ChromeDriver
Capabilities {acceptInsecureCerts: false, browserName: chrome, browserVersion: 79.0.3945.130, chrome: {chromedriverVersion: 79.0.3945.36 (3582db32b3389..., userDataDir: /var/folders/2s/w6_tbkls6pj...}, goog:chromeOptions: {debuggerAddress: localhost:64562}, javascriptEnabled: true, networkConnectionEnabled: false, pageLoadStrategy: normal, platform: MAC, platformName: MAC, proxy: Proxy(), setWindowRect: true, strictFileInteractability: false, timeouts: {implicit: 0, pageLoad: 300000, script: 30000}, unhandledPromptBehavior: dismiss and notify}
Session ID: ec2ed5658cbebd8db2bf95e1e251fef6]]>
            </message>
            <full-stacktrace>
              <![CDATA[org.openqa.selenium.ElementClickInterceptedException: element click intercepted: Element <p id="greetings" class="ng-binding">...</p> is not clickable at point (680, 246). Other element would receive the click: <div class="main-view-wrapper ng-animate main-view-wrapper-employees" ng-class="{login:'main-view-wrapper-loggedIn',
      employees:'main-view-wrapper-employees',
      edit:'main-view-wrapper-edit',
      create:'main-view-wrapper-create'}[viewState.current]" style="">...</div>
  (Session info: chrome=79.0.3945.130)
Build info: version: '3.14.0', revision: 'aacccce0', time: '2018-08-02T20:19:58.91Z'
System info: host: 'NLMB5716-C35910', ip: 'fe80:0:0:0:1c4e:b7fa:8dfc:bdaf%en0', os.name: 'Mac OS X', os.arch: 'x86_64', os.version: '10.14.6', java.version: '1.8.0_211'
Driver info: org.openqa.selenium.chrome.ChromeDriver
Capabilities {acceptInsecureCerts: false, browserName: chrome, browserVersion: 79.0.3945.130, chrome: {chromedriverVersion: 79.0.3945.36 (3582db32b3389..., userDataDir: /var/folders/2s/w6_tbkls6pj...}, goog:chromeOptions: {debuggerAddress: localhost:64562}, javascriptEnabled: true, networkConnectionEnabled: false, pageLoadStrategy: normal, platform: MAC, platformName: MAC, proxy: Proxy(), setWindowRect: true, strictFileInteractability: false, timeouts: {implicit: 0, pageLoad: 300000, script: 30000}, unhandledPromptBehavior: dismiss and notify}
Session ID: ec2ed5658cbebd8db2bf95e1e251fef6
at sun.reflect.NativeConstructorAccessorImpl.newInstance0(Native Method)
at sun.reflect.NativeConstructorAccessorImpl.newInstance(NativeConstructorAccessorImpl.java:62)
at sun.reflect.DelegatingConstructorAccessorImpl.newInstance(DelegatingConstructorAccessorImpl.java:45)
at java.lang.reflect.Constructor.newInstance(Constructor.java:423)
at org.openqa.selenium.remote.http.W3CHttpResponseCodec.createException(W3CHttpResponseCodec.java:187)
at org.openqa.selenium.remote.http.W3CHttpResponseCodec.decode(W3CHttpResponseCodec.java:122)
at org.openqa.selenium.remote.http.W3CHttpResponseCodec.decode(W3CHttpResponseCodec.java:49)
at org.openqa.selenium.remote.HttpCommandExecutor.execute(HttpCommandExecutor.java:158)
at org.openqa.selenium.remote.service.DriverCommandExecutor.execute(DriverCommandExecutor.java:83)
at org.openqa.selenium.remote.RemoteWebDriver.execute(RemoteWebDriver.java:548)
at org.openqa.selenium.remote.RemoteWebElement.execute(RemoteWebElement.java:276)
at org.openqa.selenium.remote.RemoteWebElement.click(RemoteWebElement.java:83)
at sun.reflect.NativeMethodAccessorImpl.invoke0(Native Method)
at sun.reflect.NativeMethodAccessorImpl.invoke(NativeMethodAccessorImpl.java:62)
at sun.reflect.DelegatingMethodAccessorImpl.invoke(DelegatingMethodAccessorImpl.java:43)
at java.lang.reflect.Method.invoke(Method.java:498)
at org.openqa.selenium.support.pagefactory.internal.LocatingElementHandler.invoke(LocatingElementHandler.java:51)
at com.sun.proxy.$Proxy10.click(Unknown Source)
at common.SystemLogin.clickLogoutButton(SystemLogin.java:75)
at ui.TestExecutable.verifySuccessfulLogout(TestExecutable.java:73)
at sun.reflect.NativeMethodAccessorImpl.invoke0(Native Method)
at sun.reflect.NativeMethodAccessorImpl.invoke(NativeMethodAccessorImpl.java:62)
at sun.reflect.DelegatingMethodAccessorImpl.invoke(DelegatingMethodAccessorImpl.java:43)
at java.lang.reflect.Method.invoke(Method.java:498)
at org.testng.internal.MethodInvocationHelper.invokeMethod(MethodInvocationHelper.java:133)
at org.testng.internal.TestInvoker.invokeMethod(TestInvoker.java:584)
at org.testng.internal.TestInvoker.invokeTestMethod(TestInvoker.java:172)
at org.testng.internal.MethodRunner.runInSequence(MethodRunner.java:46)
at org.testng.internal.TestInvoker$MethodInvocationAgent.invoke(TestInvoker.java:804)
at org.testng.internal.TestInvoker.invokeTestMethods(TestInvoker.java:145)
at org.testng.internal.TestMethodWorker.invokeTestMethods(TestMethodWorker.java:146)
at org.testng.internal.TestMethodWorker.run(TestMethodWorker.java:128)
at java.util.ArrayList.forEach(ArrayList.java:1257)
at org.testng.TestRunner.privateRun(TestRunner.java:770)
at org.testng.TestRunner.run(TestRunner.java:591)
at org.testng.SuiteRunner.runTest(SuiteRunner.java:402)
at org.testng.SuiteRunner.runSequentially(SuiteRunner.java:396)
at org.testng.SuiteRunner.privateRun(SuiteRunner.java:355)
at org.testng.SuiteRunner.run(SuiteRunner.java:304)
at org.testng.SuiteRunnerWorker.runSuite(SuiteRunnerWorker.java:53)
at org.testng.SuiteRunnerWorker.run(SuiteRunnerWorker.java:96)
at org.testng.TestNG.runSuitesSequentially(TestNG.java:1180)
at org.testng.TestNG.runSuitesLocally(TestNG.java:1102)
at org.testng.TestNG.runSuites(TestNG.java:1032)
at org.testng.TestNG.run(TestNG.java:1000)
at org.testng.remote.AbstractRemoteTestNG.run(AbstractRemoteTestNG.java:115)
at org.testng.remote.RemoteTestNG.initAndRun(RemoteTestNG.java:251)
at org.testng.remote.RemoteTestNG.main(RemoteTestNG.java:77)
]]>
            </full-stacktrace>
          </exception> <!-- org.openqa.selenium.ElementClickInterceptedException -->
          <reporter-output>
          </reporter-output>
        </test-method> <!-- verifySuccessfulLogout -->
        <test-method status="PASS" signature="closeDriver()[pri:0, instance:ui.TestExecutable@6321e813]" name="closeDriver" is-config="true" duration-ms="134" started-at="2020-02-01T21:24:36 CET" finished-at="2020-02-01T21:24:36 CET">
          <reporter-output>
          </reporter-output>
        </test-method> <!-- closeDriver -->
        <test-method status="PASS" signature="openDriver()[pri:0, instance:ui.TestExecutable@6321e813]" name="openDriver" is-config="true" duration-ms="1826" started-at="2020-02-01T21:24:36 CET" finished-at="2020-02-01T21:24:38 CET">
          <reporter-output>
          </reporter-output>
        </test-method> <!-- openDriver -->
        <test-method status="PASS" signature="verifyUnuccessfulLogin(java.lang.String, java.lang.String)[pri:2, instance:ui.TestExecutable@6321e813]" name="verifyUnuccessfulLogin" duration-ms="2600" started-at="2020-02-01T21:24:38 CET" description="Verify if the user is not able to login with wrong credentials" finished-at="2020-02-01T21:24:40 CET">
          <params>
            <param index="0">
              <value>
                <![CDATA[Luke1]]>
              </value>
            </param>
            <param index="1">
              <value>
                <![CDATA[Skywalker1]]>
              </value>
            </param>
          </params>
          <reporter-output>
          </reporter-output>
        </test-method> <!-- verifyUnuccessfulLogin -->
        <test-method status="PASS" signature="closeDriver()[pri:0, instance:ui.TestExecutable@6321e813]" name="closeDriver" is-config="true" duration-ms="94" started-at="2020-02-01T21:24:40 CET" finished-at="2020-02-01T21:24:41 CET">
          <reporter-output>
          </reporter-output>
        </test-method> <!-- closeDriver -->
        <test-method status="PASS" signature="openDriver()[pri:0, instance:ui.TestExecutable@6321e813]" name="openDriver" is-config="true" duration-ms="1855" started-at="2020-02-01T21:24:41 CET" finished-at="2020-02-01T21:24:42 CET">
          <reporter-output>
          </reporter-output>
        </test-method> <!-- openDriver -->
        <test-method status="PASS" signature="verifyCreateEmployeeDeatils(java.lang.String, java.lang.String, java.lang.String, java.lang.String, java.lang.String, java.lang.String)[pri:3, instance:ui.TestExecutable@6321e813]" name="verifyCreateEmployeeDeatils" duration-ms="5499" started-at="2020-02-01T21:24:42 CET" description="Verify if the employee details is added successfully" finished-at="2020-02-01T21:24:48 CET">
          <params>
            <param index="0">
              <value>
                <![CDATA[Luke]]>
              </value>
            </param>
            <param index="1">
              <value>
                <![CDATA[Skywalker]]>
              </value>
            </param>
            <param index="2">
              <value>
                <![CDATA[Kush]]>
              </value>
            </param>
            <param index="3">
              <value>
                <![CDATA[Solan]]>
              </value>
            </param>
            <param index="4">
              <value>
                <![CDATA[1998-01-01]]>
              </value>
            </param>
            <param index="5">
              <value>
                <![CDATA[test@mail.com]]>
              </value>
            </param>
          </params>
          <reporter-output>
          </reporter-output>
        </test-method> <!-- verifyCreateEmployeeDeatils -->
        <test-method status="PASS" signature="closeDriver()[pri:0, instance:ui.TestExecutable@6321e813]" name="closeDriver" is-config="true" duration-ms="135" started-at="2020-02-01T21:24:48 CET" finished-at="2020-02-01T21:24:48 CET">
          <reporter-output>
          </reporter-output>
        </test-method> <!-- closeDriver -->
        <test-method status="PASS" signature="openDriver()[pri:0, instance:ui.TestExecutable@6321e813]" name="openDriver" is-config="true" duration-ms="1796" started-at="2020-02-01T21:24:48 CET" finished-at="2020-02-01T21:24:50 CET">
          <reporter-output>
          </reporter-output>
        </test-method> <!-- openDriver -->
        <test-method status="PASS" signature="verifyUpdateEmployeeDetails(java.lang.String, java.lang.String, java.lang.String)[pri:4, instance:ui.TestExecutable@6321e813]" name="verifyUpdateEmployeeDetails" duration-ms="9160" started-at="2020-02-01T21:24:50 CET" description="Verify if the employee details is updated successfully" finished-at="2020-02-01T21:24:59 CET">
          <params>
            <param index="0">
              <value>
                <![CDATA[Luke]]>
              </value>
            </param>
            <param index="1">
              <value>
                <![CDATA[Skywalker]]>
              </value>
            </param>
            <param index="2">
              <value>
                <![CDATA[Kush_update]]>
              </value>
            </param>
          </params>
          <reporter-output>
          </reporter-output>
        </test-method> <!-- verifyUpdateEmployeeDetails -->
        <test-method status="PASS" signature="closeDriver()[pri:0, instance:ui.TestExecutable@6321e813]" name="closeDriver" is-config="true" duration-ms="97" started-at="2020-02-01T21:24:59 CET" finished-at="2020-02-01T21:24:59 CET">
          <reporter-output>
          </reporter-output>
        </test-method> <!-- closeDriver -->
        <test-method status="PASS" signature="openDriver()[pri:0, instance:ui.TestExecutable@6321e813]" name="openDriver" is-config="true" duration-ms="1839" started-at="2020-02-01T21:24:59 CET" finished-at="2020-02-01T21:25:01 CET">
          <reporter-output>
          </reporter-output>
        </test-method> <!-- openDriver -->
        <test-method status="FAIL" signature="verifyDeleteEmployeeDetails(java.lang.String, java.lang.String)[pri:5, instance:ui.TestExecutable@6321e813]" name="verifyDeleteEmployeeDetails" duration-ms="6663" started-at="2020-02-01T21:25:01 CET" description="Verify if the employee details is deleted successfully" finished-at="2020-02-01T21:25:08 CET">
          <params>
            <param index="0">
              <value>
                <![CDATA[Luke]]>
              </value>
            </param>
            <param index="1">
              <value>
                <![CDATA[Skywalker]]>
              </value>
            </param>
          </params>
          <exception class="org.openqa.selenium.UnhandledAlertException">
            <message>
              <![CDATA[unexpected alert open: {Alert text : Are you sure you want to delete Test1 Automation1?}
  (Session info: chrome=79.0.3945.130): Are you sure you want to delete Test1 Automation1?
Build info: version: '3.14.0', revision: 'aacccce0', time: '2018-08-02T20:19:58.91Z'
System info: host: 'NLMB5716-C35910', ip: 'fe80:0:0:0:1c4e:b7fa:8dfc:bdaf%en0', os.name: 'Mac OS X', os.arch: 'x86_64', os.version: '10.14.6', java.version: '1.8.0_211'
Driver info: org.openqa.selenium.chrome.ChromeDriver
Capabilities {acceptInsecureCerts: false, browserName: chrome, browserVersion: 79.0.3945.130, chrome: {chromedriverVersion: 79.0.3945.36 (3582db32b3389..., userDataDir: /var/folders/2s/w6_tbkls6pj...}, goog:chromeOptions: {debuggerAddress: localhost:64793}, javascriptEnabled: true, networkConnectionEnabled: false, pageLoadStrategy: normal, platform: MAC, platformName: MAC, proxy: Proxy(), setWindowRect: true, strictFileInteractability: false, timeouts: {implicit: 0, pageLoad: 300000, script: 30000}, unhandledPromptBehavior: dismiss and notify}
Session ID: bdef2937e9bb5641df62366ac2a00d53
*** Element info: {Using=id, value=greetings}]]>
            </message>
            <full-stacktrace>
              <![CDATA[org.openqa.selenium.UnhandledAlertException: unexpected alert open: {Alert text : Are you sure you want to delete Test1 Automation1?}
  (Session info: chrome=79.0.3945.130): Are you sure you want to delete Test1 Automation1?
Build info: version: '3.14.0', revision: 'aacccce0', time: '2018-08-02T20:19:58.91Z'
System info: host: 'NLMB5716-C35910', ip: 'fe80:0:0:0:1c4e:b7fa:8dfc:bdaf%en0', os.name: 'Mac OS X', os.arch: 'x86_64', os.version: '10.14.6', java.version: '1.8.0_211'
Driver info: org.openqa.selenium.chrome.ChromeDriver
Capabilities {acceptInsecureCerts: false, browserName: chrome, browserVersion: 79.0.3945.130, chrome: {chromedriverVersion: 79.0.3945.36 (3582db32b3389..., userDataDir: /var/folders/2s/w6_tbkls6pj...}, goog:chromeOptions: {debuggerAddress: localhost:64793}, javascriptEnabled: true, networkConnectionEnabled: false, pageLoadStrategy: normal, platform: MAC, platformName: MAC, proxy: Proxy(), setWindowRect: true, strictFileInteractability: false, timeouts: {implicit: 0, pageLoad: 300000, script: 30000}, unhandledPromptBehavior: dismiss and notify}
Session ID: bdef2937e9bb5641df62366ac2a00d53
*** Element info: {Using=id, value=greetings}
at org.openqa.selenium.remote.http.W3CHttpResponseCodec.decode(W3CHttpResponseCodec.java:120)
at org.openqa.selenium.remote.http.W3CHttpResponseCodec.decode(W3CHttpResponseCodec.java:49)
at org.openqa.selenium.remote.HttpCommandExecutor.execute(HttpCommandExecutor.java:158)
at org.openqa.selenium.remote.service.DriverCommandExecutor.execute(DriverCommandExecutor.java:83)
at org.openqa.selenium.remote.RemoteWebDriver.execute(RemoteWebDriver.java:548)
at org.openqa.selenium.remote.RemoteWebDriver.findElement(RemoteWebDriver.java:322)
at org.openqa.selenium.remote.RemoteWebDriver.findElementById(RemoteWebDriver.java:368)
at org.openqa.selenium.By$ById.findElement(By.java:188)
at org.openqa.selenium.remote.RemoteWebDriver.findElement(RemoteWebDriver.java:314)
at org.openqa.selenium.support.pagefactory.DefaultElementLocator.findElement(DefaultElementLocator.java:69)
at org.openqa.selenium.support.pagefactory.internal.LocatingElementHandler.invoke(LocatingElementHandler.java:38)
at com.sun.proxy.$Proxy10.click(Unknown Source)
at common.SystemLogin.clickLogoutButton(SystemLogin.java:75)
at ui.TestExecutable.verifyDeleteEmployeeDetails(TestExecutable.java:127)
at sun.reflect.NativeMethodAccessorImpl.invoke0(Native Method)
at sun.reflect.NativeMethodAccessorImpl.invoke(NativeMethodAccessorImpl.java:62)
at sun.reflect.DelegatingMethodAccessorImpl.invoke(DelegatingMethodAccessorImpl.java:43)
at java.lang.reflect.Method.invoke(Method.java:498)
at org.testng.internal.MethodInvocationHelper.invokeMethod(MethodInvocationHelper.java:133)
at org.testng.internal.TestInvoker.invokeMethod(TestInvoker.java:584)
at org.testng.internal.TestInvoker.invokeTestMethod(TestInvoker.java:172)
at org.testng.internal.MethodRunner.runInSequence(MethodRunner.java:46)
at org.testng.internal.TestInvoker$MethodInvocationAgent.invoke(TestInvoker.java:804)
at org.testng.internal.TestInvoker.invokeTestMethods(TestInvoker.java:145)
at org.testng.internal.TestMethodWorker.invokeTestMethods(TestMethodWorker.java:146)
at org.testng.internal.TestMethodWorker.run(TestMethodWorker.java:128)
at java.util.ArrayList.forEach(ArrayList.java:1257)
at org.testng.TestRunner.privateRun(TestRunner.java:770)
at org.testng.TestRunner.run(TestRunner.java:591)
at org.testng.SuiteRunner.runTest(SuiteRunner.java:402)
at org.testng.SuiteRunner.runSequentially(SuiteRunner.java:396)
at org.testng.SuiteRunner.privateRun(SuiteRunner.java:355)
at org.testng.SuiteRunner.run(SuiteRunner.java:304)
at org.testng.SuiteRunnerWorker.runSuite(SuiteRunnerWorker.java:53)
at org.testng.SuiteRunnerWorker.run(SuiteRunnerWorker.java:96)
at org.testng.TestNG.runSuitesSequentially(TestNG.java:1180)
at org.testng.TestNG.runSuitesLocally(TestNG.java:1102)
at org.testng.TestNG.runSuites(TestNG.java:1032)
at org.testng.TestNG.run(TestNG.java:1000)
at org.testng.remote.AbstractRemoteTestNG.run(AbstractRemoteTestNG.java:115)
at org.testng.remote.RemoteTestNG.initAndRun(RemoteTestNG.java:251)
at org.testng.remote.RemoteTestNG.main(RemoteTestNG.java:77)
]]>
            </full-stacktrace>
          </exception> <!-- org.openqa.selenium.UnhandledAlertException -->
          <reporter-output>
          </reporter-output>
        </test-method> <!-- verifyDeleteEmployeeDetails -->
        <test-method status="PASS" signature="closeDriver()[pri:0, instance:ui.TestExecutable@6321e813]" name="closeDriver" is-config="true" duration-ms="80" started-at="2020-02-01T21:25:08 CET" finished-at="2020-02-01T21:25:08 CET">
          <reporter-output>
          </reporter-output>
        </test-method> <!-- closeDriver -->
      </class> <!-- ui.TestExecutable -->
    </test> <!-- Web Automation -->
  </suite> <!-- Suite -->
</testng-results>
